<?xml version="1.0" encoding="UTF-8"?>
<!-- Generated by org.testng.reporters.JUnitReportReporter -->
<testsuite hostname="LAPTOP-3MGAR2H8" failures="0" tests="2" name="test.testclass" time="34.679" errors="0" timestamp="2021-08-04T20:31:38 IST" skipped="0">
  <testcase classname="test.testclass" name="testB" time="23.552"/>
  <system-out/>
  <testcase classname="test.testclass" name="testA" time="11.127"/>
  <system-out/>
</testsuite> <!-- test.testclass -->
